c:\program files\microsoft sdks\windows\v7.1\samples\winui\shell\appshellintegration\explorercommandverb\x64\debug\vc140.pdb
c:\program files\microsoft sdks\windows\v7.1\samples\winui\shell\appshellintegration\explorercommandverb\x64\debug\vc140.idb
c:\program files\microsoft sdks\windows\v7.1\samples\winui\shell\appshellintegration\explorercommandverb\x64\debug\registerextension.obj
c:\program files\microsoft sdks\windows\v7.1\samples\winui\shell\appshellintegration\explorercommandverb\x64\debug\dll.obj
c:\program files\microsoft sdks\windows\v7.1\samples\winui\shell\appshellintegration\explorercommandverb\x64\debug\explorercommandstatehandler.obj
c:\program files\microsoft sdks\windows\v7.1\samples\winui\shell\appshellintegration\explorercommandverb\x64\debug\explorercommandverb.obj
c:\program files\microsoft sdks\windows\v7.1\samples\winui\shell\appshellintegration\explorercommandverb\x64\debug\threadpool.obj
c:\program files\microsoft sdks\windows\v7.1\samples\winui\shell\appshellintegration\explorercommandverb\x64\debug\explorercommandverb.lib
c:\program files\microsoft sdks\windows\v7.1\samples\winui\shell\appshellintegration\explorercommandverb\x64\debug\explorercommandverb.exp
c:\program files\microsoft sdks\windows\v7.1\samples\winui\shell\appshellintegration\explorercommandverb\x64\debug\explorercommandverb.pdb
c:\program files\microsoft sdks\windows\v7.1\samples\winui\shell\appshellintegration\explorercommandverb\x64\debug\explorer.6add939c.tlog\cl.command.1.tlog
c:\program files\microsoft sdks\windows\v7.1\samples\winui\shell\appshellintegration\explorercommandverb\x64\debug\explorer.6add939c.tlog\cl.read.1.tlog
c:\program files\microsoft sdks\windows\v7.1\samples\winui\shell\appshellintegration\explorercommandverb\x64\debug\explorer.6add939c.tlog\cl.write.1.tlog
c:\program files\microsoft sdks\windows\v7.1\samples\winui\shell\appshellintegration\explorercommandverb\x64\debug\explorer.6add939c.tlog\explorercommandverb.write.1u.tlog
c:\program files\microsoft sdks\windows\v7.1\samples\winui\shell\appshellintegration\explorercommandverb\x64\debug\explorer.6add939c.tlog\link-cvtres.read.1.tlog
c:\program files\microsoft sdks\windows\v7.1\samples\winui\shell\appshellintegration\explorercommandverb\x64\debug\explorer.6add939c.tlog\link-cvtres.write.1.tlog
c:\program files\microsoft sdks\windows\v7.1\samples\winui\shell\appshellintegration\explorercommandverb\x64\debug\explorer.6add939c.tlog\link-rc.read.1.tlog
c:\program files\microsoft sdks\windows\v7.1\samples\winui\shell\appshellintegration\explorercommandverb\x64\debug\explorer.6add939c.tlog\link-rc.write.1.tlog
c:\program files\microsoft sdks\windows\v7.1\samples\winui\shell\appshellintegration\explorercommandverb\x64\debug\explorer.6add939c.tlog\link.12900-cvtres.read.1.tlog
c:\program files\microsoft sdks\windows\v7.1\samples\winui\shell\appshellintegration\explorercommandverb\x64\debug\explorer.6add939c.tlog\link.12900-cvtres.write.1.tlog
c:\program files\microsoft sdks\windows\v7.1\samples\winui\shell\appshellintegration\explorercommandverb\x64\debug\explorer.6add939c.tlog\link.12900-rc.read.1.tlog
c:\program files\microsoft sdks\windows\v7.1\samples\winui\shell\appshellintegration\explorercommandverb\x64\debug\explorer.6add939c.tlog\link.12900-rc.write.1.tlog
c:\program files\microsoft sdks\windows\v7.1\samples\winui\shell\appshellintegration\explorercommandverb\x64\debug\explorer.6add939c.tlog\link.12900.read.1.tlog
c:\program files\microsoft sdks\windows\v7.1\samples\winui\shell\appshellintegration\explorercommandverb\x64\debug\explorer.6add939c.tlog\link.12900.write.1.tlog
c:\program files\microsoft sdks\windows\v7.1\samples\winui\shell\appshellintegration\explorercommandverb\x64\debug\explorer.6add939c.tlog\link.command.1.tlog
c:\program files\microsoft sdks\windows\v7.1\samples\winui\shell\appshellintegration\explorercommandverb\x64\debug\explorer.6add939c.tlog\link.read.1.tlog
c:\program files\microsoft sdks\windows\v7.1\samples\winui\shell\appshellintegration\explorercommandverb\x64\debug\explorer.6add939c.tlog\link.write.1.tlog
